<?xml version="1.0" encoding="UTF-8"?>
<!-- Generated by org.testng.reporters.JUnitReportReporter -->
<testsuite skipped="0" hostname="RYs-MacBook-Pro" name="com.browser.NavigateBacknForth" tests="1" failures="0" timestamp="28 Aug 2019 04:10:51 GMT" time="3.377" errors="0">
  <testcase name="navigateTest" time="3.377" classname="com.browser.NavigateBacknForth"/>
</testsuite> <!-- com.browser.NavigateBacknForth -->
