<?xml version="1.0" encoding="UTF-8"?>
<!-- Generated by org.testng.reporters.JUnitReportReporter -->
<testsuite skipped="0" hostname="RYs-MacBook-Pro" name="com.actions.DragnDrop" tests="1" failures="0" timestamp="28 Aug 2019 04:08:34 GMT" time="0.351" errors="0">
  <testcase name="dragnDropTest" time="0.351" classname="com.actions.DragnDrop"/>
</testsuite> <!-- com.actions.DragnDrop -->
